0 info it worked if it ends with ok
1 verbose cli [ 'D:\\Program Files\\nodejs\\\\node.exe',
1 verbose cli   'D:\\Program Files\\nodejs\\node_modules\\npm\\bin\\npm-cli.js',
1 verbose cli   'install' ]
2 info using npm@1.3.11
3 info using node@v0.10.21
4 verbose node symlink D:\Program Files\nodejs\\node.exe
5 verbose readDependencies using package.json deps
6 verbose install where, deps [ 'C:\\xampp\\htdocs\\tweetmap',
6 verbose install   [ 'mocha',
6 verbose install     'chai',
6 verbose install     'sinon',
6 verbose install     'socket-io-client',
6 verbose install     'supervisor',
6 verbose install     'express',
6 verbose install     'hjs',
6 verbose install     'less-middleware' ] ]
7 info preinstall application-name@0.0.1
8 verbose readDependencies using package.json deps
9 verbose already installed skipping mocha@* C:\xampp\htdocs\tweetmap
10 verbose already installed skipping chai@* C:\xampp\htdocs\tweetmap
11 verbose already installed skipping sinon@* C:\xampp\htdocs\tweetmap
12 verbose cache add [ 'socket-io-client@*', null ]
13 verbose cache add name=undefined spec="socket-io-client@*" args=["socket-io-client@*",null]
14 verbose parsed url { protocol: null,
14 verbose parsed url   slashes: null,
14 verbose parsed url   auth: null,
14 verbose parsed url   host: null,
14 verbose parsed url   port: null,
14 verbose parsed url   hostname: null,
14 verbose parsed url   hash: null,
14 verbose parsed url   search: null,
14 verbose parsed url   query: null,
14 verbose parsed url   pathname: 'socket-io-client@*',
14 verbose parsed url   path: 'socket-io-client@*',
14 verbose parsed url   href: 'socket-io-client@*' }
15 verbose cache add name="socket-io-client" spec="*" args=["socket-io-client","*"]
16 verbose parsed url { protocol: null,
16 verbose parsed url   slashes: null,
16 verbose parsed url   auth: null,
16 verbose parsed url   host: null,
16 verbose parsed url   port: null,
16 verbose parsed url   hostname: null,
16 verbose parsed url   hash: null,
16 verbose parsed url   search: null,
16 verbose parsed url   query: null,
16 verbose parsed url   pathname: '*',
16 verbose parsed url   path: '*',
16 verbose parsed url   href: '*' }
17 verbose addNamed [ 'socket-io-client', '*' ]
18 verbose addNamed [ null, '*' ]
19 verbose already installed skipping supervisor@* C:\xampp\htdocs\tweetmap
20 verbose already installed skipping express@3.4.3 C:\xampp\htdocs\tweetmap
21 verbose already installed skipping hjs@* C:\xampp\htdocs\tweetmap
22 verbose already installed skipping less-middleware@* C:\xampp\htdocs\tweetmap
23 silly lockFile 42c5b635-socket-io-client socket-io-client@*
24 verbose lock socket-io-client@* C:\Users\Marky\AppData\Roaming\npm-cache\42c5b635-socket-io-client.lock
25 silly addNameRange { name: 'socket-io-client', range: '*', hasData: false }
26 verbose url raw socket-io-client
27 verbose url resolving [ 'https://registry.npmjs.org/', './socket-io-client' ]
28 verbose url resolved https://registry.npmjs.org/socket-io-client
29 info trying registry request attempt 1 at 17:32:39
30 http GET https://registry.npmjs.org/socket-io-client
31 http 404 https://registry.npmjs.org/socket-io-client
32 silly registry.get cb [ 404,
32 silly registry.get   { server: 'CouchDB/1.3.1 (Erlang OTP/R15B03)',
32 silly registry.get     date: 'Sat, 26 Oct 2013 07:32:45 GMT',
32 silly registry.get     'content-type': 'application/json',
32 silly registry.get     'content-length': '52',
32 silly registry.get     'cache-control': 'must-revalidate' } ]
33 silly lockFile 42c5b635-socket-io-client socket-io-client@*
34 silly lockFile 42c5b635-socket-io-client socket-io-client@*
35 error 404 'socket-io-client' is not in the npm registry.
35 error 404 You should bug the author to publish it
35 error 404
35 error 404 Note that you can also install from a
35 error 404 tarball, folder, or http url, or git url.
36 error System Windows_NT 6.2.9200
37 error command "D:\\Program Files\\nodejs\\\\node.exe" "D:\\Program Files\\nodejs\\node_modules\\npm\\bin\\npm-cli.js" "install"
38 error cwd C:\xampp\htdocs\tweetmap
39 error node -v v0.10.21
40 error npm -v 1.3.11
41 error code E404
42 verbose exit [ 1, true ]
